This is TeX, Version 3.14159265 (TeX Live 2014/Arch Linux) (preloaded format=tex 2014.11.25)  25 NOV 2014 16:30
**\nonstopmode\input the_basic_song.tex
(./the_basic_song.tex
! Undefined control sequence.
l.1 \svisa
          {THE BASIC SONG@\texttt{THE BASIC SONG}}{10 LET oss nu fatta i v^^...
The control sequence at the end of the top line
of your error message was never \def'ed. If you have
misspelled it (e.g., `\hobx'), type `I' and the correct
spelling (e.g., `I\hbox'). Otherwise just continue,
and I'll forget about whatever was undefined.

! Undefined control sequence.
l.1 \svisa{THE BASIC SONG@\texttt
                                 {THE BASIC SONG}}{10 LET oss nu fatta i v^^...
The control sequence at the end of the top line
of your error message was never \def'ed. If you have
misspelled it (e.g., `\hobx'), type `I' and the correct
spelling (e.g., `I\hbox'). Otherwise just continue,
and I'll forget about whatever was undefined.

Missing character: There is no ^^c3 in font cmr10!
Missing character: There is no ^^a5 in font cmr10!
! Undefined control sequence.
l.1 ...LET oss nu fatta i v^^c3^^a5ra glas@\texttt
                                                  {10 LET oss nu fatta i v^^...
The control sequence at the end of the top line
of your error message was never \def'ed. If you have
misspelled it (e.g., `\hobx'), type `I' and the correct
spelling (e.g., `I\hbox'). Otherwise just continue,
and I'll forget about whatever was undefined.

Missing character: There is no ^^c3 in font cmr10!
Missing character: There is no ^^a5 in font cmr10!
! Undefined control sequence.
l.1 ...T oss nu fatta i v^^c3^^a5ra glas}}{\texttt
                                                  {THE BASIC SONG}}
The control sequence at the end of the top line
of your error message was never \def'ed. If you have
misspelled it (e.g., `\hobx'), type `I' and the correct
spelling (e.g., `I\hbox'). Otherwise just continue,
and I'll forget about whatever was undefined.

! Undefined control sequence.
l.2 {\footnotesize
                  \textit{Melodi: Mors lilla Olle}}\\
The control sequence at the end of the top line
of your error message was never \def'ed. If you have
misspelled it (e.g., `\hobx'), type `I' and the correct
spelling (e.g., `I\hbox'). Otherwise just continue,
and I'll forget about whatever was undefined.

! Undefined control sequence.
l.2 {\footnotesize\textit
                         {Melodi: Mors lilla Olle}}\\
The control sequence at the end of the top line
of your error message was never \def'ed. If you have
misspelled it (e.g., `\hobx'), type `I' and the correct
spelling (e.g., `I\hbox'). Otherwise just continue,
and I'll forget about whatever was undefined.

)
Runaway argument?
 \\ \texttt {10 LET oss nu fatta i v^^c3^^a5ra glas}\\ \texttt {20 IN\ETC.
! File ended while scanning use of \\.
<inserted text> 
                \par 
<*> \nonstopmode\input the_basic_song.tex
                                         
I suspect you have forgotten a `}', causing me
to read past where you wanted me to stop.
I'll try to recover; but if the error is serious,
you'd better type `E' or `X' now and fix your file.

! Emergency stop.
<*> \nonstopmode\input the_basic_song.tex
                                         
*** (job aborted, no legal \end found)

No pages of output.
